ubuntu1 | SUCCESS => {
    "ansible_facts": {
        "ansible_apparmor": {
            "status": "disabled"
        }, 
        "ansible_architecture": "x86_64", 
        "ansible_bios_date": "07/02/2015", 
        "ansible_bios_version": "6.00", 
        "ansible_cmdline": {
            "BOOT_IMAGE": "/boot/vmlinuz-4.15.0-23-generic", 
            "auto": true, 
            "find_preseed": "/preseed.cfg", 
            "locale": "en_US", 
            "noprompt": true, 
            "priority": "critical", 
            "quiet": true, 
            "ro": true, 
            "root": "UUID=0a238c00-8d86-4f92-9e97-75ec48b80989"
        }, 
        "ansible_date_time": {
            "date": "2018-07-23", 
            "day": "23", 
            "epoch": "1532344948", 
            "hour": "11", 
            "iso8601": "2018-07-23T11:22:28Z", 
            "iso8601_basic": "20180723T112228625147", 
            "iso8601_basic_short": "20180723T112228", 
            "iso8601_micro": "2018-07-23T11:22:28.625233Z", 
            "minute": "22", 
            "month": "07", 
            "second": "28", 
            "time": "11:22:28", 
            "tz": "UTC", 
            "tz_offset": "+0000", 
            "weekday": "Monday", 
            "weekday_number": "1", 
            "weeknumber": "30", 
            "year": "2018"
        }, 
        "ansible_device_links": {
            "ids": {}, 
            "labels": {}, 
            "masters": {}, 
            "uuids": {}
        }, 
        "ansible_devices": {
            "loop0": {
                "holders": [], 
                "host": "", 
                "links": {
                    "ids": [], 
                    "labels": [], 
                    "masters": [], 
                    "uuids": []
                }, 
                "model": null, 
                "partitions": {}, 
                "removable": "0", 
                "rotational": "1", 
                "sas_address": null, 
                "sas_device_handle": null, 
                "scheduler_mode": "none", 
                "sectors": "42976", 
                "sectorsize": "512", 
                "size": "20.98 MB", 
                "support_discard": "4096", 
                "vendor": null, 
                "virtual": 1
            }, 
            "loop1": {
                "holders": [], 
                "host": "", 
                "links": {
                    "ids": [], 
                    "labels": [], 
                    "masters": [], 
                    "uuids": []
                }, 
                "model": null, 
                "partitions": {}, 
                "removable": "0", 
                "rotational": "1", 
                "sas_address": null, 
                "sas_device_handle": null, 
                "scheduler_mode": "none", 
                "sectors": "25008", 
                "sectorsize": "512", 
                "size": "12.21 MB", 
                "support_discard": "4096", 
                "vendor": null, 
                "virtual": 1
            }, 
            "loop10": {
                "holders": [], 
                "host": "", 
                "links": {
                    "ids": [], 
                    "labels": [], 
                    "masters": [], 
                    "uuids": []
                }, 
                "model": null, 
                "partitions": {}, 
                "removable": "0", 
                "rotational": "1", 
                "sas_address": null, 
                "sas_device_handle": null, 
                "scheduler_mode": "none", 
                "sectors": "29680", 
                "sectorsize": "512", 
                "size": "14.49 MB", 
                "support_discard": "4096", 
                "vendor": null, 
                "virtual": 1
            }, 
            "loop11": {
                "holders": [], 
                "host": "", 
                "links": {
                    "ids": [], 
                    "labels": [], 
                    "masters": [], 
                    "uuids": []
                }, 
                "model": null, 
                "partitions": {}, 
                "removable": "0", 
                "rotational": "1", 
                "sas_address": null, 
                "sas_device_handle": null, 
                "scheduler_mode": "none", 
                "sectors": "4752", 
                "sectorsize": "512", 
                "size": "2.32 MB", 
                "support_discard": "4096", 
                "vendor": null, 
                "virtual": 1
            }, 
            "loop12": {
                "holders": [], 
                "host": "", 
                "links": {
                    "ids": [], 
                    "labels": [], 
                    "masters": [], 
                    "uuids": []
                }, 
                "model": null, 
                "partitions": {}, 
                "removable": "0", 
                "rotational": "1", 
                "sas_address": null, 
                "sas_device_handle": null, 
                "scheduler_mode": "none", 
                "sectors": "0", 
                "sectorsize": "512", 
                "size": "0.00 Bytes", 
                "support_discard": "4096", 
                "vendor": null, 
                "virtual": 1
            }, 
            "loop2": {
                "holders": [], 
                "host": "", 
                "links": {
                    "ids": [], 
                    "labels": [], 
                    "masters": [], 
                    "uuids": []
                }, 
                "model": null, 
                "partitions": {}, 
                "removable": "0", 
                "rotational": "1", 
                "sas_address": null, 
                "sas_device_handle": null, 
                "scheduler_mode": "none", 
                "sectors": "177264", 
                "sectorsize": "512", 
                "size": "86.55 MB", 
                "support_discard": "4096", 
                "vendor": null, 
                "virtual": 1
            }, 
            "loop3": {
                "holders": [], 
                "host": "", 
                "links": {
                    "ids": [], 
                    "labels": [], 
                    "masters": [], 
                    "uuids": []
                }, 
                "model": null, 
                "partitions": {}, 
                "removable": "0", 
                "rotational": "1", 
                "sas_address": null, 
                "sas_device_handle": null, 
                "scheduler_mode": "none", 
                "sectors": "3304", 
                "sectorsize": "512", 
                "size": "1.61 MB", 
                "support_discard": "4096", 
                "vendor": null, 
                "virtual": 1
            }, 
            "loop4": {
                "holders": [], 
                "host": "", 
                "links": {
                    "ids": [], 
                    "labels": [], 
                    "masters": [], 
                    "uuids": []
                }, 
                "model": null, 
                "partitions": {}, 
                "removable": "0", 
                "rotational": "1", 
                "sas_address": null, 
                "sas_device_handle": null, 
                "scheduler_mode": "none", 
                "sectors": "6664", 
                "sectorsize": "512", 
                "size": "3.25 MB", 
                "support_discard": "4096", 
                "vendor": null, 
                "virtual": 1
            }, 
            "loop5": {
                "holders": [], 
                "host": "", 
                "links": {
                    "ids": [], 
                    "labels": [], 
                    "masters": [], 
                    "uuids": []
                }, 
                "model": null, 
                "partitions": {}, 
                "removable": "0", 
                "rotational": "1", 
                "sas_address": null, 
                "sas_device_handle": null, 
                "scheduler_mode": "none", 
                "sectors": "286800", 
                "sectorsize": "512", 
                "size": "140.04 MB", 
                "support_discard": "4096", 
                "vendor": null, 
                "virtual": 1
            }, 
            "loop6": {
                "holders": [], 
                "host": "", 
                "links": {
                    "ids": [], 
                    "labels": [], 
                    "masters": [], 
                    "uuids": []
                }, 
                "model": null, 
                "partitions": {}, 
                "removable": "0", 
                "rotational": "1", 
                "sas_address": null, 
                "sas_device_handle": null, 
                "scheduler_mode": "none", 
                "sectors": "177928", 
                "sectorsize": "512", 
                "size": "86.88 MB", 
                "support_discard": "4096", 
                "vendor": null, 
                "virtual": 1
            }, 
            "loop7": {
                "holders": [], 
                "host": "", 
                "links": {
                    "ids": [], 
                    "labels": [], 
                    "masters": [], 
                    "uuids": []
                }, 
                "model": null, 
                "partitions": {}, 
                "removable": "0", 
                "rotational": "1", 
                "sas_address": null, 
                "sas_device_handle": null, 
                "scheduler_mode": "none", 
                "sectors": "288520", 
                "sectorsize": "512", 
                "size": "140.88 MB", 
                "support_discard": "4096", 
                "vendor": null, 
                "virtual": 1
            }, 
            "loop8": {
                "holders": [], 
                "host": "", 
                "links": {
                    "ids": [], 
                    "labels": [], 
                    "masters": [], 
                    "uuids": []
                }, 
                "model": null, 
                "partitions": {}, 
                "removable": "0", 
                "rotational": "1", 
                "sas_address": null, 
                "sas_device_handle": null, 
                "scheduler_mode": "none", 
                "sectors": "7592", 
                "sectorsize": "512", 
                "size": "3.71 MB", 
                "support_discard": "4096", 
                "vendor": null, 
                "virtual": 1
            }, 
            "loop9": {
                "holders": [], 
                "host": "", 
                "links": {
                    "ids": [], 
                    "labels": [], 
                    "masters": [], 
                    "uuids": []
                }, 
                "model": null, 
                "partitions": {}, 
                "removable": "0", 
                "rotational": "1", 
                "sas_address": null, 
                "sas_device_handle": null, 
                "scheduler_mode": "none", 
                "sectors": "26600", 
                "sectorsize": "512", 
                "size": "12.99 MB", 
                "support_discard": "4096", 
                "vendor": null, 
                "virtual": 1
            }, 
            "sda": {
                "holders": [], 
                "host": "", 
                "links": {
                    "ids": [], 
                    "labels": [], 
                    "masters": [], 
                    "uuids": []
                }, 
                "model": "VMware Virtual S", 
                "partitions": {
                    "sda1": {
                        "holders": [], 
                        "links": {
                            "ids": [], 
                            "labels": [], 
                            "masters": [], 
                            "uuids": []
                        }, 
                        "sectors": "41938944", 
                        "sectorsize": 512, 
                        "size": "20.00 GB", 
                        "start": "2048", 
                        "uuid": null
                    }
                }, 
                "removable": "0", 
                "rotational": "1", 
                "sas_address": null, 
                "sas_device_handle": null, 
                "scheduler_mode": "cfq", 
                "sectors": "41943040", 
                "sectorsize": "512", 
                "size": "20.00 GB", 
                "support_discard": "0", 
                "vendor": "VMware,", 
                "virtual": 1
            }, 
            "sr0": {
                "holders": [], 
                "host": "", 
                "links": {
                    "ids": [], 
                    "labels": [], 
                    "masters": [], 
                    "uuids": []
                }, 
                "model": "VMware SATA CD01", 
                "partitions": {}, 
                "removable": "1", 
                "rotational": "1", 
                "sas_address": null, 
                "sas_device_handle": null, 
                "scheduler_mode": "cfq", 
                "sectors": "2097151", 
                "sectorsize": "512", 
                "size": "1024.00 MB", 
                "support_discard": "0", 
                "vendor": "NECVMWar", 
                "virtual": 1
            }
        }, 
        "ansible_distribution": "Ubuntu", 
        "ansible_distribution_file_parsed": true, 
        "ansible_distribution_file_path": "/etc/os-release", 
        "ansible_distribution_file_variety": "Debian", 
        "ansible_distribution_major_version": "16", 
        "ansible_distribution_release": "xenial", 
        "ansible_distribution_version": "16.04", 
        "ansible_dns": {
            "nameservers": [
                "8.8.8.8", 
                "8.8.4.4"
            ], 
            "search": [
                "localdomain"
            ]
        }, 
        "ansible_domain": "", 
        "ansible_effective_group_id": 0, 
        "ansible_effective_user_id": 0, 
        "ansible_env": {
            "HOME": "/root", 
            "LANG": "C", 
            "LC_ALL": "C", 
            "LC_MESSAGES": "C", 
            "LOGNAME": "root", 
            "MAIL": "/var/mail/root", 
            "PATH": "/usr/local/sbin:/usr/local/bin:/usr/sbin:/usr/bin:/sbin:/bin:/usr/games:/usr/local/games", 
            "PWD": "/root", 
            "SHELL": "/bin/bash", 
            "SHLVL": "1", 
            "SSH_CLIENT": "172.17.0.1 44526 22", 
            "SSH_CONNECTION": "172.17.0.1 44526 172.17.0.2 22", 
            "SSH_TTY": "/dev/pts/0", 
            "TERM": "xterm-256color", 
            "USER": "root", 
            "_": "/bin/sh"
        }, 
        "ansible_fips": false, 
        "ansible_form_factor": "Other", 
        "ansible_fqdn": "9fd8ea3453f6", 
        "ansible_hostname": "9fd8ea3453f6", 
        "ansible_is_chroot": false, 
        "ansible_kernel": "4.15.0-23-generic", 
        "ansible_local": {}, 
        "ansible_lsb": {
            "codename": "xenial", 
            "description": "\"Ubuntu 16.04.4 LTS\"", 
            "id": "Ubuntu", 
            "major_release": "16", 
            "release": "16.04"
        }, 
        "ansible_machine": "x86_64", 
        "ansible_memfree_mb": 2573, 
        "ansible_memory_mb": {
            "nocache": {
                "free": 4687, 
                "used": 3266
            }, 
            "real": {
                "free": 2573, 
                "total": 7953, 
                "used": 5380
            }, 
            "swap": {
                "cached": 0, 
                "free": 947, 
                "total": 947, 
                "used": 0
            }
        }, 
        "ansible_memtotal_mb": 7953, 
        "ansible_mounts": [
            {
                "block_available": 1313384, 
                "block_size": 4096, 
                "block_total": 5127316, 
                "block_used": 3813932, 
                "device": "/dev/sda1", 
                "fstype": "ext4", 
                "inode_available": 913165, 
                "inode_total": 1310720, 
                "inode_used": 397555, 
                "mount": "/etc/resolv.conf", 
                "options": "rw,relatime,errors=remount-ro,data=ordered,bind", 
                "size_available": 5379620864, 
                "size_total": 21001486336, 
                "uuid": "N/A"
            }, 
            {
                "block_available": 1313384, 
                "block_size": 4096, 
                "block_total": 5127316, 
                "block_used": 3813932, 
                "device": "/dev/sda1", 
                "fstype": "ext4", 
                "inode_available": 913165, 
                "inode_total": 1310720, 
                "inode_used": 397555, 
                "mount": "/etc/hostname", 
                "options": "rw,relatime,errors=remount-ro,data=ordered,bind", 
                "size_available": 5379620864, 
                "size_total": 21001486336, 
                "uuid": "N/A"
            }, 
            {
                "block_available": 1313384, 
                "block_size": 4096, 
                "block_total": 5127316, 
                "block_used": 3813932, 
                "device": "/dev/sda1", 
                "fstype": "ext4", 
                "inode_available": 913165, 
                "inode_total": 1310720, 
                "inode_used": 397555, 
                "mount": "/etc/hosts", 
                "options": "rw,relatime,errors=remount-ro,data=ordered,bind", 
                "size_available": 5379620864, 
                "size_total": 21001486336, 
                "uuid": "N/A"
            }
        ], 
        "ansible_nodename": "9fd8ea3453f6", 
        "ansible_os_family": "Debian", 
        "ansible_pkg_mgr": "apt", 
        "ansible_processor": [
            "0", 
            "GenuineIntel", 
            "Intel(R) Core(TM) i7-7820HQ CPU @ 2.90GHz", 
            "1", 
            "GenuineIntel", 
            "Intel(R) Core(TM) i7-7820HQ CPU @ 2.90GHz", 
            "2", 
            "GenuineIntel", 
            "Intel(R) Core(TM) i7-7820HQ CPU @ 2.90GHz", 
            "3", 
            "GenuineIntel", 
            "Intel(R) Core(TM) i7-7820HQ CPU @ 2.90GHz"
        ], 
        "ansible_processor_cores": 1, 
        "ansible_processor_count": 4, 
        "ansible_processor_threads_per_core": 1, 
        "ansible_processor_vcpus": 4, 
        "ansible_product_name": "VMware Virtual Platform", 
        "ansible_product_serial": "VMware-56 4d c7 49 1c 8d 11 96-a6 4e e7 b4 13 55 61 b1", 
        "ansible_product_uuid": "49C74D56-8D1C-9611-A64E-E7B4135561B1", 
        "ansible_product_version": "None", 
        "ansible_python": {
            "executable": "/usr/bin/python", 
            "has_sslcontext": true, 
            "type": "CPython", 
            "version": {
                "major": 2, 
                "micro": 12, 
                "minor": 7, 
                "releaselevel": "final", 
                "serial": 0
            }, 
            "version_info": [
                2, 
                7, 
                12, 
                "final", 
                0
            ]
        }, 
        "ansible_python_version": "2.7.12", 
        "ansible_real_group_id": 0, 
        "ansible_real_user_id": 0, 
        "ansible_selinux": {
            "status": "Missing selinux Python library"
        }, 
        "ansible_selinux_python_present": false, 
        "ansible_service_mgr": "sshd", 
        "ansible_ssh_host_key_dsa_public": "AAAAB3NzaC1kc3MAAACBAI/Cn43iXsVJK79fAFImy9UU07Bi/CA0fWf2n27QCOlwPXBF/aZnwOeLuyg+Jn/9RBIgCmZI1HqvDKGg+nTLhS5hFdVMGytRc5v1ux6/ZzdwlHWG5tB07Wimun8q/7PlVSl4CcQE0hEcbeNU3fXt8s2g9nevUO5U13oLV1MSXX1HAAAAFQDmeZg/WYd58dFjO1G955jPoH8rawAAAIAWrY5NHgq4/egVQaQFbw4lCM5EqEmrqaupD0PMalBZqTKDjY855br7DS0nkjfNOX1x2sz8aIm2VHZF9CGcR3mHldOC5ew6QPOXXoCCK0d1vxSkhES8HxKPoZ3V8bzYsVHiq4RwzFJylxcBTRPyFKJdbPBapOvkpxN7+VQlstevsAAAAIEAhiGjOHcTHuuD6mDN06lHg0ngK1fjrXDMG6NuROLin14w65s/zlim6N+evA6bEZynVEuEaDPegOBhqVnKVGp4bZeOws4z856uagrWyUoieKnPhDa0TIWpKueXbZHrNkAdiLTlk+BdoZDriqAypCVc5fOYYKwM//dk5OZSGq7GNOI=", 
        "ansible_ssh_host_key_ecdsa_public": "AAAAE2VjZHNhLXNoYTItbmlzdHAyNTYAAAAIbmlzdHAyNTYAAABBBACvfnP4k5/pMy4mBnqWCPUCPYXXvyi6zcOmbZjXgfuHEDMDOgXb9mCr4IJZ04mvVSGr9ViRiCVerr9IlvQlgKY=", 
        "ansible_ssh_host_key_ed25519_public": "AAAAC3NzaC1lZDI1NTE5AAAAIBFyTIoeVZTwRdXr5fKkpFU4hH5a3mBWKVyg5U04tJoa", 
        "ansible_ssh_host_key_rsa_public": "AAAAB3NzaC1yc2EAAAADAQABAAABAQCz78tgrhOgWXndx/lpEyXeUiRkYmj8vDPyPdA2ewM2nIZ1Ic63x+GyX+MSocTdpKBhv7LcgmMoo8XybdzNJNzJw4r+WO0Gjcv+bKmRrBhBbBs6aNeK+fVCifo6SK4j98Vnk2SZwQzUg0pigHmOq2E+hmpqTdMmdkZ6jIjqdTknRveh3//U5Gogt2LnkWCYp4zKsyI8Pn/WoOZ9BogmHBVxu3IJOFeqOP7OYPv9bRflVKS6HLfxgg3FgrMNPrL7I6Rb+DVoLXODmp8l507RL2+VZlarHlYyNIhgmmki7m2+9F5KO4mztCuyiWMJM/rRgauOaCsFtMNs1Z9BX8Xwe4Ad", 
        "ansible_swapfree_mb": 947, 
        "ansible_swaptotal_mb": 947, 
        "ansible_system": "Linux", 
        "ansible_system_capabilities": [
            "cap_chown", 
            "cap_dac_override", 
            "cap_fowner", 
            "cap_fsetid", 
            "cap_kill", 
            "cap_setgid", 
            "cap_setuid", 
            "cap_setpcap", 
            "cap_net_bind_service", 
            "cap_net_raw", 
            "cap_sys_chroot", 
            "cap_mknod", 
            "cap_audit_write", 
            "cap_setfcap+eip"
        ], 
        "ansible_system_capabilities_enforced": "True", 
        "ansible_system_vendor": "VMware, Inc.", 
        "ansible_uptime_seconds": 144939, 
        "ansible_user_dir": "/root", 
        "ansible_user_gecos": "root", 
        "ansible_user_gid": 0, 
        "ansible_user_id": "root", 
        "ansible_user_shell": "/bin/bash", 
        "ansible_user_uid": 0, 
        "ansible_userspace_architecture": "x86_64", 
        "ansible_userspace_bits": "64", 
        "ansible_virtualization_role": "guest", 
        "ansible_virtualization_type": "docker", 
        "gather_subset": [
            "all"
        ], 
        "module_setup": true
    }, 
    "changed": false
}
